<?xml version="1.0" encoding="UTF-8"?>
<coverage generated="1570539286472" clover="3.2.0">
  <project timestamp="1570539286472" name="All files">
    <metrics statements="93" coveredstatements="90" conditionals="35" coveredconditionals="35" methods="24" coveredmethods="24" elements="152" coveredelements="149" complexity="0" loc="93" ncloc="93" packages="2" files="7" classes="7"/>
    <package name="src">
      <metrics statements="78" coveredstatements="78" conditionals="31" coveredconditionals="31" methods="18" coveredmethods="18"/>
      <file name="createDefinitionPool.ts" path="C:\Users\ndtha\sources\plugin-pool\packages\core\src\createDefinitionPool.ts">
        <metrics statements="62" coveredstatements="62" conditionals="25" coveredconditionals="25" methods="14" coveredmethods="14"/>
        <line num="1" count="2" type="stmt"/>
        <line num="3" count="2" type="stmt"/>
        <line num="4" count="2" type="stmt"/>
        <line num="5" count="2" type="stmt"/>
        <line num="15" count="2" type="stmt"/>
        <line num="20" count="17" type="stmt"/>
        <line num="22" count="17" type="cond" truecount="2" falsecount="0"/>
        <line num="24" count="17" type="stmt"/>
        <line num="26" count="17" type="stmt"/>
        <line num="30" count="2" type="stmt"/>
        <line num="31" count="2" type="stmt"/>
        <line num="33" count="11" type="stmt"/>
        <line num="36" count="2" type="stmt"/>
        <line num="39" count="2" type="stmt"/>
        <line num="41" count="1" type="stmt"/>
        <line num="44" count="2" type="stmt"/>
        <line num="45" count="9" type="stmt"/>
        <line num="46" count="2" type="stmt"/>
        <line num="48" count="28" type="stmt"/>
        <line num="52" count="9" type="stmt"/>
        <line num="53" count="9" type="stmt"/>
        <line num="56" count="25" type="cond" truecount="2" falsecount="0"/>
        <line num="57" count="19" type="stmt"/>
        <line num="58" count="8" type="stmt"/>
        <line num="60" count="14" type="cond" truecount="2" falsecount="0"/>
        <line num="61" count="2" type="cond" truecount="2" falsecount="0"/>
        <line num="62" count="1" type="stmt"/>
        <line num="64" count="1" type="stmt"/>
        <line num="66" count="6" type="cond" truecount="2" falsecount="0"/>
        <line num="70" count="19" type="stmt"/>
        <line num="71" count="18" type="stmt"/>
        <line num="72" count="18" type="stmt"/>
        <line num="73" count="18" type="stmt"/>
        <line num="76" count="8" type="stmt"/>
        <line num="77" count="8" type="stmt"/>
        <line num="80" count="16" type="cond" truecount="1" falsecount="0"/>
        <line num="82" count="16" type="stmt"/>
        <line num="85" count="14" type="stmt"/>
        <line num="87" count="46" type="cond" truecount="2" falsecount="0"/>
        <line num="88" count="18" type="stmt"/>
        <line num="91" count="12" type="cond" truecount="1" falsecount="0"/>
        <line num="96" count="19" type="cond" truecount="4" falsecount="0"/>
        <line num="98" count="4" type="stmt"/>
        <line num="102" count="15" type="cond" truecount="2" falsecount="0"/>
        <line num="103" count="1" type="stmt"/>
        <line num="106" count="14" type="stmt"/>
        <line num="108" count="14" type="stmt"/>
        <line num="110" count="14" type="stmt"/>
        <line num="112" count="12" type="stmt"/>
        <line num="114" count="12" type="stmt"/>
        <line num="118" count="9" type="stmt"/>
        <line num="119" count="31" type="cond" truecount="2" falsecount="0"/>
        <line num="120" count="13" type="stmt"/>
        <line num="122" count="11" type="stmt"/>
        <line num="125" count="7" type="cond" truecount="1" falsecount="0"/>
        <line num="141" count="2" type="stmt"/>
        <line num="142" count="28" type="cond" truecount="2" falsecount="0"/>
        <line num="147" count="19" type="stmt"/>
        <line num="149" count="19" type="stmt"/>
        <line num="158" count="19" type="stmt"/>
        <line num="167" count="19" type="stmt"/>
        <line num="176" count="19" type="stmt"/>
      </file>
      <file name="index.ts" path="C:\Users\ndtha\sources\plugin-pool\packages\core\src\index.ts">
        <metrics statements="2" coveredstatements="2" conditionals="0" coveredconditionals="0" methods="1" coveredmethods="1"/>
        <line num="5" count="2" type="stmt"/>
        <line num="7" count="12" type="stmt"/>
      </file>
      <file name="utils.ts" path="C:\Users\ndtha\sources\plugin-pool\packages\core\src\utils.ts">
        <metrics statements="14" coveredstatements="14" conditionals="6" coveredconditionals="6" methods="3" coveredmethods="3"/>
        <line num="9" count="2" type="stmt"/>
        <line num="12" count="8" type="stmt"/>
        <line num="18" count="2" type="stmt"/>
        <line num="19" count="34" type="cond" truecount="2" falsecount="0"/>
        <line num="20" count="17" type="stmt"/>
        <line num="21" count="17" type="stmt"/>
        <line num="23" count="17" type="stmt"/>
        <line num="29" count="17" type="stmt"/>
        <line num="31" count="8" type="stmt"/>
        <line num="33" count="8" type="cond" truecount="2" falsecount="0"/>
        <line num="34" count="2" type="stmt"/>
        <line num="36" count="6" type="stmt"/>
        <line num="42" count="8" type="stmt"/>
        <line num="47" count="17" type="stmt"/>
      </file>
    </package>
    <package name="src.exceptions">
      <metrics statements="15" coveredstatements="12" conditionals="4" coveredconditionals="4" methods="6" coveredmethods="6"/>
      <file name="BaseError.ts" path="C:\Users\ndtha\sources\plugin-pool\packages\core\src\exceptions\BaseError.ts">
        <metrics statements="4" coveredstatements="4" conditionals="0" coveredconditionals="0" methods="2" coveredmethods="2"/>
        <line num="1" count="2" type="stmt"/>
        <line num="3" count="2" type="stmt"/>
        <line num="5" count="2" type="stmt"/>
        <line num="7" count="2" type="stmt"/>
      </file>
      <file name="Circular.ts" path="C:\Users\ndtha\sources\plugin-pool\packages\core\src\exceptions\Circular.ts">
        <metrics statements="4" coveredstatements="4" conditionals="2" coveredconditionals="2" methods="2" coveredmethods="2"/>
        <line num="2" count="2" type="stmt"/>
        <line num="4" count="2" type="stmt"/>
        <line num="6" count="1" type="cond" truecount="2" falsecount="0"/>
        <line num="8" count="2" type="stmt"/>
      </file>
      <file name="NotRegistered.ts" path="C:\Users\ndtha\sources\plugin-pool\packages\core\src\exceptions\NotRegistered.ts">
        <metrics statements="4" coveredstatements="4" conditionals="2" coveredconditionals="2" methods="2" coveredmethods="2"/>
        <line num="2" count="2" type="stmt"/>
        <line num="4" count="2" type="stmt"/>
        <line num="6" count="1" type="cond" truecount="2" falsecount="0"/>
        <line num="8" count="2" type="stmt"/>
      </file>
      <file name="index.ts" path="C:\Users\ndtha\sources\plugin-pool\packages\core\src\exceptions\index.ts">
        <metrics statements="3" coveredstatements="0" conditionals="0" coveredconditionals="0" methods="0" coveredmethods="0"/>
        <line num="1" count="0" type="stmt"/>
        <line num="2" count="0" type="stmt"/>
        <line num="3" count="0" type="stmt"/>
      </file>
    </package>
  </project>
</coverage>
