<?xml version="1.0" encoding="UTF-8"?>
<coverage generated="1570539305818" clover="3.2.0">
  <project timestamp="1570539305818" name="All files">
    <metrics statements="12" coveredstatements="10" conditionals="2" coveredconditionals="1" methods="5" coveredmethods="5" elements="19" coveredelements="16" complexity="0" loc="12" ncloc="12" packages="1" files="2" classes="2"/>
    <file name="index.ts" path="C:\Users\ndtha\sources\plugin-pool\packages\loader\src\index.ts">
      <metrics statements="2" coveredstatements="0" conditionals="0" coveredconditionals="0" methods="0" coveredmethods="0"/>
      <line num="1" count="0" type="stmt"/>
      <line num="3" count="0" type="stmt"/>
    </file>
    <file name="loader.ts" path="C:\Users\ndtha\sources\plugin-pool\packages\loader\src\loader.ts">
      <metrics statements="10" coveredstatements="10" conditionals="2" coveredconditionals="1" methods="5" coveredmethods="5"/>
      <line num="1" count="1" type="stmt"/>
      <line num="4" count="1" type="stmt"/>
      <line num="5" count="1" type="cond" truecount="1" falsecount="1"/>
      <line num="7" count="1" type="stmt"/>
      <line num="8" count="1" type="stmt"/>
      <line num="10" count="1" type="stmt"/>
      <line num="11" count="1" type="stmt"/>
      <line num="12" count="1" type="stmt"/>
      <line num="14" count="1" type="stmt"/>
      <line num="17" count="1" type="stmt"/>
    </file>
  </project>
</coverage>
