{"C:\\Users\\ndtha\\sources\\plugin-pool\\packages\\loader\\src\\index.ts": {"path":"C:\\Users\\ndtha\\sources\\plugin-pool\\packages\\loader\\src\\index.ts","statementMap":{"0":{"start":{"line":1,"column":0},"end":{"line":1,"column":29}},"1":{"start":{"line":3,"column":0},"end":{"line":3,"column":null}}},"fnMap":{},"branchMap":{},"s":{"0":0,"1":0},"f":{},"b":{}}
,"C:\\Users\\ndtha\\sources\\plugin-pool\\packages\\loader\\src\\loader.ts": {"path":"C:\\Users\\ndtha\\sources\\plugin-pool\\packages\\loader\\src\\loader.ts","statementMap":{"0":{"start":{"line":1,"column":0},"end":{"line":1,"column":75}},"1":{"start":{"line":4,"column":16},"end":{"line":4,"column":29}},"2":{"start":{"line":5,"column":17},"end":{"line":5,"column":53}},"3":{"start":{"line":7,"column":20},"end":{"line":8,"column":5}},"4":{"start":{"line":8,"column":1},"end":{"line":8,"column":null}},"5":{"start":{"line":8,"column":24},"end":{"line":8,"column":50}},"6":{"start":{"line":10,"column":13},"end":{"line":15,"column":null}},"7":{"start":{"line":10,"column":34},"end":{"line":15,"column":null}},"8":{"start":{"line":11,"column":7},"end":{"line":11,"column":null}},"9":{"start":{"line":11,"column":40},"end":{"line":11,"column":55}},"10":{"start":{"line":12,"column":17},"end":{"line":12,"column":null}},"11":{"start":{"line":12,"column":7},"end":{"line":12,"column":null}},"12":{"start":{"line":14,"column":1},"end":{"line":14,"column":null}},"13":{"start":{"line":17,"column":0},"end":{"line":19,"column":null}}},"fnMap":{"0":{"name":"(anonymous_13)","decl":{"start":{"line":7,"column":20},"end":{"line":7,"column":21}},"loc":{"start":{"line":7,"column":33},"end":{"line":8,"column":5}}},"1":{"name":"(anonymous_14)","decl":{"start":{"line":8,"column":13},"end":{"line":8,"column":20}},"loc":{"start":{"line":8,"column":20},"end":{"line":8,"column":32}}},"2":{"name":"(anonymous_15)","decl":{"start":{"line":10,"column":13},"end":{"line":10,"column":20}},"loc":{"start":{"line":10,"column":34},"end":{"line":15,"column":null}}},"3":{"name":"(anonymous_16)","decl":{"start":{"line":10,"column":34},"end":{"line":10,"column":null}},"loc":{"start":{"line":10,"column":34},"end":{"line":15,"column":null}}},"4":{"name":"(anonymous_18)","decl":{"start":{"line":11,"column":35},"end":{"line":11,"column":36}},"loc":{"start":{"line":11,"column":36},"end":{"line":11,"column":51}}}},"branchMap":{"0":{"loc":{"start":{"line":5,"column":17},"end":{"line":5,"column":34}},"type":"binary-expr","locations":[{"start":{"line":5,"column":17},"end":{"line":5,"column":34}},{"start":{"line":5,"column":38},"end":{"line":5,"column":53}}]}},"s":{"0":1,"1":1,"2":1,"3":1,"4":1,"5":1,"6":1,"7":1,"8":1,"9":1,"10":1,"11":1,"12":1,"13":1},"f":{"0":1,"1":1,"2":1,"3":1,"4":1},"b":{"0":[1,0]}}
}
