TN:
SF:C:\Users\ndtha\sources\plugin-pool\packages\core\src\createDefinitionPool.ts
FN:16,(anonymous_15)
FN:32,(anonymous_16)
FN:40,(anonymous_17)
FN:44,(anonymous_18)
FN:48,(anonymous_19)
FN:48,(anonymous_20)
FN:56,(anonymous_23)
FN:57,(anonymous_26)
FN:57,(anonymous_27)
FN:70,(anonymous_29)
FN:70,(anonymous_30)
FN:71,(anonymous_32)
FN:71,(anonymous_33)
FN:141,(anonymous_35)
FNF:14
FNH:14
FNDA:17,(anonymous_15)
FNDA:11,(anonymous_16)
FNDA:1,(anonymous_17)
FNDA:9,(anonymous_18)
FNDA:19,(anonymous_19)
FNDA:18,(anonymous_20)
FNDA:19,(anonymous_23)
FNDA:8,(anonymous_26)
FNDA:8,(anonymous_27)
FNDA:14,(anonymous_29)
FNDA:14,(anonymous_30)
FNDA:18,(anonymous_32)
FNDA:18,(anonymous_33)
FNDA:19,(anonymous_35)
DA:1,2
DA:3,2
DA:4,2
DA:5,2
DA:15,2
DA:20,17
DA:22,17
DA:24,17
DA:26,17
DA:30,2
DA:31,2
DA:33,11
DA:36,2
DA:39,2
DA:41,1
DA:44,2
DA:45,9
DA:46,2
DA:48,28
DA:52,9
DA:53,9
DA:56,25
DA:57,19
DA:58,8
DA:60,14
DA:61,2
DA:62,1
DA:64,1
DA:66,6
DA:70,19
DA:71,18
DA:72,18
DA:73,18
DA:76,8
DA:77,8
DA:80,16
DA:82,16
DA:85,14
DA:87,46
DA:88,18
DA:91,12
DA:96,19
DA:98,4
DA:102,15
DA:103,1
DA:106,14
DA:108,14
DA:110,14
DA:112,12
DA:114,12
DA:118,9
DA:119,31
DA:120,13
DA:122,11
DA:125,7
DA:141,2
DA:142,28
DA:147,19
DA:149,19
DA:158,19
DA:167,19
DA:176,19
LF:62
LH:62
BRDA:22,0,0,17
BRDA:22,0,1,13
BRDA:125,1,0,7
BRDA:56,2,0,6
BRDA:56,2,1,13
BRDA:66,3,0,6
BRDA:66,3,1,6
BRDA:60,4,0,6
BRDA:60,4,1,2
BRDA:61,5,0,1
BRDA:61,5,1,1
BRDA:91,6,0,12
BRDA:80,7,0,16
BRDA:87,8,0,12
BRDA:87,8,1,18
BRDA:96,9,0,4
BRDA:96,9,1,15
BRDA:96,10,0,19
BRDA:96,10,1,4
BRDA:102,11,0,1
BRDA:102,11,1,14
BRDA:119,12,0,7
BRDA:119,12,1,13
BRDA:142,13,0,9
BRDA:142,13,1,10
BRF:25
BRH:25
end_of_record
TN:
SF:C:\Users\ndtha\sources\plugin-pool\packages\core\src\index.ts
FN:7,(anonymous_1)
FNF:1
FNH:1
FNDA:12,(anonymous_1)
DA:5,2
DA:7,12
LF:2
LH:2
BRF:0
BRH:0
end_of_record
TN:
SF:C:\Users\ndtha\sources\plugin-pool\packages\core\src\utils.ts
FN:9,isFullDefinition
FN:18,convertToFullDefinition
FN:30,(anonymous_2)
FNF:3
FNH:3
FNDA:8,isFullDefinition
FNDA:17,convertToFullDefinition
FNDA:8,(anonymous_2)
DA:9,2
DA:12,8
DA:18,2
DA:19,34
DA:20,17
DA:21,17
DA:23,17
DA:29,17
DA:31,8
DA:33,8
DA:34,2
DA:36,6
DA:42,8
DA:47,17
LF:14
LH:14
BRDA:13,0,0,8
BRDA:13,0,1,2
BRDA:19,1,0,8
BRDA:19,1,1,9
BRDA:33,2,0,2
BRDA:33,2,1,6
BRF:6
BRH:6
end_of_record
TN:
SF:C:\Users\ndtha\sources\plugin-pool\packages\core\src\exceptions\BaseError.ts
FN:1,(anonymous_0)
FN:2,BaseError
FNF:2
FNH:2
FNDA:2,(anonymous_0)
FNDA:2,BaseError
DA:1,2
DA:3,2
DA:5,2
DA:7,2
LF:4
LH:4
BRF:0
BRH:0
end_of_record
TN:
SF:C:\Users\ndtha\sources\plugin-pool\packages\core\src\exceptions\Circular.ts
FN:4,(anonymous_7)
FN:5,CircularDependency
FNF:2
FNH:2
FNDA:2,(anonymous_7)
FNDA:1,CircularDependency
DA:2,2
DA:4,2
DA:6,1
DA:8,2
LF:4
LH:4
BRDA:6,0,0,1
BRDA:6,0,1,1
BRF:2
BRH:2
end_of_record
TN:
SF:C:\Users\ndtha\sources\plugin-pool\packages\core\src\exceptions\NotRegistered.ts
FN:4,(anonymous_7)
FN:5,NotRegistered
FNF:2
FNH:2
FNDA:2,(anonymous_7)
FNDA:1,NotRegistered
DA:2,2
DA:4,2
DA:6,1
DA:8,2
LF:4
LH:4
BRDA:6,0,0,1
BRDA:6,0,1,1
BRF:2
BRH:2
end_of_record
TN:
SF:C:\Users\ndtha\sources\plugin-pool\packages\core\src\exceptions\index.ts
FNF:0
FNH:0
DA:1,0
DA:2,0
DA:3,0
LF:3
LH:0
BRF:0
BRH:0
end_of_record
